./gradlew : e: file:///C:/U
sers/aayan/OneDrive/Desktop
/TradeLearn/app/src/main/ja
va/com/example/tradelearn/n
avigation/MainNavigation.kt
:46:62 Unresolved 
reference. None of the 
following candidates is 
applicable because of a 
receiver type mismatch:
At line:1 char:1
+ ./gradlew assembleDebug 
2> build_err.txt | 
Out-File -Encoding ASCII b 
...
+ ~~~~~~~~~~~~~~~~~~~~~~~~~
~~~~~~~~~~~~~~~
    + CategoryInfo         
     : NotSpecified: (e:   
  file:///C:/U... type m   
 ismatch::String) [], R    
emoteException
    + FullyQualifiedErrorI 
   d : NativeCommandError
 
val Icons.Outlined.MailOutl
ine: ImageVector
e: file:///C:/Users/aayan/O
neDrive/Desktop/TradeLearn/
app/src/main/java/com/examp
le/tradelearn/ui/HomeMapScr
een.kt:176:90 Unresolved 
reference 
'dashPathIntervals'.

FAILURE: Build failed with 
an exception.

* What went wrong:
Execution failed for task 
':app:compileDebugKotlin'.
> A failure occurred while 
executing org.jetbrains.kot
lin.compilerRunner.GradleCo
mpilerRunnerWithWorkers$Gra
dleKotlinCompilerWorkAction
   > Compilation error. 
See log for more details

* Try:
> Run with --stacktrace 
option to get the stack 
trace.
> Run with --info or 
--debug option to get more 
log output.
> Run with --scan to 
generate a Build Scan 
(powered by Develocity).
> Get more help at 
https://help.gradle.org.

BUILD FAILED in 3s
